TN:
SF:src/Controller.sol
FN:12,Controller.addTradePair
FNDA:0,Controller.addTradePair
DA:13,0
FN:16,Controller.addLiquidityPool
FNDA:0,Controller.addLiquidityPool
DA:17,0
FN:20,Controller.removeTradePair
FNDA:0,Controller.removeTradePair
DA:21,0
FN:24,Controller.removeLiquidityPool
FNDA:0,Controller.removeLiquidityPool
DA:25,0
FNF:4
FNH:0
LF:4
LH:0
BRF:0
BRH:0
end_of_record
TN:
SF:src/FaucetToken.sol
FN:10,FaucetToken.mint
FNDA:0,FaucetToken.mint
DA:11,0
FN:14,FaucetToken.burn
FNDA:0,FaucetToken.burn
DA:15,0
FNF:2
FNH:0
LF:2
LH:0
BRF:0
BRH:0
end_of_record
TN:
SF:src/LiquidityPool.sol
FN:34,LiquidityPool.deposit
FNDA:69,LiquidityPool.deposit
DA:35,69
BRDA:35,0,0,-
BRDA:35,0,1,69
DA:37,69
DA:39,69
DA:41,69
DA:43,69
DA:45,69
FN:48,LiquidityPool.previewRedeem
FNDA:9,LiquidityPool.previewRedeem
DA:49,13
BRDA:49,1,0,-
BRDA:49,1,1,13
DA:50,0
DA:52,13
FN:55,LiquidityPool.requestPayout
FNDA:18,LiquidityPool.requestPayout
DA:56,18
FN:59,LiquidityPool.previewDeposit
FNDA:0,LiquidityPool.previewDeposit
DA:60,69
DA:61,69
FN:66,LiquidityPool.redeem
FNDA:4,LiquidityPool.redeem
DA:67,4
BRDA:67,2,0,-
BRDA:67,2,1,4
DA:68,4
BRDA:68,3,0,-
BRDA:68,3,1,4
DA:70,4
DA:72,4
DA:74,4
DA:76,4
DA:78,4
FN:81,LiquidityPool.setMaxBorrowRate
FNDA:22,LiquidityPool.setMaxBorrowRate
DA:82,22
DA:84,22
FN:87,LiquidityPool.setMinBorrowRate
FNDA:20,LiquidityPool.setMinBorrowRate
DA:88,20
DA:90,20
FN:93,LiquidityPool.totalAssets
FNDA:0,LiquidityPool.totalAssets
DA:94,248
FN:97,LiquidityPool.ratio
FNDA:0,LiquidityPool.ratio
DA:98,0
BRDA:98,4,0,-
BRDA:98,4,1,-
DA:99,0
DA:101,0
FN:104,LiquidityPool.getBorrowRate
FNDA:232,LiquidityPool.getBorrowRate
DA:105,232
DA:107,232
BRDA:107,5,0,3
BRDA:107,5,1,229
DA:108,3
DA:111,229
FN:114,LiquidityPool._updateFeeIntegrals
FNDA:73,LiquidityPool._updateFeeIntegrals
FNF:11
FNH:8
LF:31
LH:27
BRF:12
BRH:6
end_of_record
TN:
SF:src/PriceFeed.sol
FN:18,PriceFeed.setPriceFeed
FNDA:0,PriceFeed.setPriceFeed
DA:19,0
FN:22,PriceFeed.getPrice
FNDA:0,PriceFeed.getPrice
DA:23,0
DA:24,0
FN:27,PriceFeed._normalize
FNDA:0,PriceFeed._normalize
DA:28,0
DA:29,0
DA:31,0
BRDA:31,0,0,-
BRDA:31,0,1,-
DA:32,0
BRDA:32,1,0,-
BRDA:32,1,1,-
DA:34,0
DA:35,0
DA:37,0
FN:40,PriceFeed._getPrice
FNDA:0,PriceFeed._getPrice
DA:41,0
DA:42,0
DA:44,0
FNF:4
FNH:0
LF:13
LH:0
BRF:4
BRH:0
end_of_record
TN:
SF:src/TradePair.sol
FN:68,TradePair.openPosition
FNDA:95,TradePair.openPosition
DA:72,95
BRDA:72,0,0,1
BRDA:72,0,1,94
DA:73,94
BRDA:73,1,0,1
BRDA:73,1,1,93
DA:75,93
DA:76,93
DA:77,93
DA:78,93
DA:79,93
DA:80,93
DA:82,93
DA:86,93
DA:87,93
DA:88,93
DA:90,93
DA:91,93
DA:93,93
DA:95,93
FN:98,TradePair.closePosition
FNDA:35,TradePair.closePosition
DA:99,35
DA:100,35
DA:101,35
BRDA:101,2,0,1
BRDA:101,2,1,34
DA:102,34
DA:103,34
DA:104,34
BRDA:104,3,0,1
BRDA:104,3,1,33
DA:105,33
DA:106,33
DA:108,33
DA:109,33
DA:110,33
DA:112,33
BRDA:112,4,0,-
BRDA:112,4,1,10
DA:115,13
DA:116,13
BRDA:116,5,0,-
BRDA:116,5,1,10
DA:117,10
DA:121,20
DA:124,33
DA:126,33
DA:127,33
DA:128,33
DA:129,33
FN:132,TradePair.liquidatePosition
FNDA:8,TradePair.liquidatePosition
DA:133,8
DA:134,8
DA:135,8
BRDA:135,6,0,1
BRDA:135,6,1,7
DA:136,7
DA:138,7
BRDA:138,7,0,1
BRDA:138,7,1,6
DA:140,6
DA:141,6
DA:142,6
DA:144,6
DA:145,6
DA:147,6
DA:148,6
DA:149,6
FN:152,TradePair.syncUnrealizedPnL
FNDA:8,TradePair.syncUnrealizedPnL
DA:153,140
DA:154,140
DA:157,140
DA:158,140
BRDA:158,8,0,8
BRDA:158,8,1,140
DA:159,8
DA:162,140
DA:164,140
BRDA:164,9,0,-
BRDA:164,9,1,8
DA:165,8
DA:167,132
FN:171,TradePair.getPositionDetails
FNDA:7,TradePair.getPositionDetails
DA:172,7
DA:173,7
BRDA:173,10,0,1
BRDA:173,10,1,6
DA:175,6
FN:189,TradePair.totalCollateral
FNDA:3,TradePair.totalCollateral
DA:190,143
FN:193,TradePair.unrealizedPnL
FNDA:13,TradePair.unrealizedPnL
DA:194,153
DA:196,153
DA:197,153
DA:199,153
FN:202,TradePair.setMaxFundingRate
FNDA:21,TradePair.setMaxFundingRate
DA:203,21
DA:205,21
FN:208,TradePair.setMaxSkew
FNDA:3,TradePair.setMaxSkew
DA:209,3
DA:211,3
FN:214,TradePair.setOpenFee
FNDA:7,TradePair.setOpenFee
DA:215,7
DA:217,7
FN:220,TradePair.setCloseFee
FNDA:7,TradePair.setCloseFee
DA:221,7
DA:223,7
FN:226,TradePair._updateCollateral
FNDA:132,TradePair._updateCollateral
DA:227,132
BRDA:227,11,0,101
BRDA:227,11,1,31
DA:228,101
DA:229,31
BRDA:229,12,0,31
BRDA:229,12,1,-
DA:230,31
DA:232,0
FN:236,TradePair._updateOpenInterest
FNDA:132,TradePair._updateOpenInterest
DA:237,132
BRDA:237,13,0,101
BRDA:237,13,1,31
DA:238,101
DA:239,31
BRDA:239,14,0,31
BRDA:239,14,1,-
DA:240,31
DA:242,0
FN:246,TradePair._updateTotalAssets
FNDA:132,TradePair._updateTotalAssets
DA:247,132
BRDA:247,15,0,101
BRDA:247,15,1,31
DA:248,101
DA:249,31
BRDA:249,16,0,31
BRDA:249,16,1,-
DA:250,31
DA:252,0
FN:256,TradePair._deletePosition
FNDA:39,TradePair._deletePosition
DA:257,39
FN:260,TradePair._getValue
FNDA:47,TradePair._getValue
DA:261,47
DA:263,47
DA:264,47
DA:265,47
DA:266,47
DA:268,47
DA:271,47
BRDA:271,17,0,5
BRDA:271,17,1,42
DA:272,5
DA:274,42
FN:277,TradePair._getPrice
FNDA:287,TradePair._getPrice
DA:278,287
DA:279,287
BRDA:279,18,0,-
BRDA:279,18,1,287
DA:280,287
FN:283,TradePair.totalOpenInterest
FNDA:4,TradePair.totalOpenInterest
DA:284,4
FN:287,TradePair.excessOpenInterest
FNDA:17,TradePair.excessOpenInterest
DA:288,233
BRDA:288,19,0,118
BRDA:288,19,1,115
DA:289,118
DA:291,115
FN:295,TradePair.totalBorrowFeeIntegral
FNDA:4,TradePair.totalBorrowFeeIntegral
DA:296,57
FN:299,TradePair.totalFundingFeeIntegral
FNDA:4,TradePair.totalFundingFeeIntegral
DA:300,57
FN:303,TradePair.unrealizedBorrowFeeIntegral
FNDA:8,TradePair.unrealizedBorrowFeeIntegral
DA:304,201
FN:307,TradePair.unrealizedFundingFeeIntegral
FNDA:8,TradePair.unrealizedFundingFeeIntegral
DA:308,201
FN:311,TradePair.updateFeeIntegrals
FNDA:0,TradePair.updateFeeIntegrals
DA:312,136
DA:313,136
DA:314,136
FN:318,TradePair.getFundingRate
FNDA:36,TradePair.getFundingRate
DA:319,237
BRDA:319,20,0,105
BRDA:319,20,1,16
DA:320,121
BRDA:320,21,0,105
BRDA:320,21,1,16
DA:321,105
DA:323,16
DA:324,16
DA:326,116
BRDA:326,22,0,15
BRDA:326,22,1,28
DA:327,43
BRDA:327,23,0,15
BRDA:327,23,1,28
DA:328,15
DA:330,28
DA:331,28
DA:333,73
FN:336,TradePair.getBorrowRate
FNDA:15,TradePair.getBorrowRate
DA:337,216
FNF:26
FNH:25
LF:126
LH:123
BRF:48
BRH:41
end_of_record
TN:
SF:test/setup/MockPriceFeed.sol
FN:9,MockPriceFeed.getPrice
FNDA:287,MockPriceFeed.getPrice
DA:10,287
FN:13,MockPriceFeed.setPriceFeed
FNDA:0,MockPriceFeed.setPriceFeed
FN:15,MockPriceFeed.setPrice
FNDA:96,MockPriceFeed.setPrice
DA:16,96
FNF:3
FNH:2
LF:2
LH:2
BRF:0
BRH:0
end_of_record
