TN:
SF:src/Controller.sol
FN:12,Controller.addTradePair
FNDA:104,Controller.addTradePair
DA:13,104
DA:13,104
FN:16,Controller.addLiquidityPool
FNDA:2,Controller.addLiquidityPool
DA:17,2
DA:17,2
FN:20,Controller.removeTradePair
FNDA:1,Controller.removeTradePair
DA:21,1
DA:21,1
FN:24,Controller.removeLiquidityPool
FNDA:1,Controller.removeLiquidityPool
DA:25,1
DA:25,1
FNF:4
FNH:4
LF:4
LH:4
BRF:0
BRH:0
end_of_record
TN:
SF:src/LiquidityPool.sol
FN:34,LiquidityPool.deposit
FNDA:74,LiquidityPool.deposit
DA:35,74
DA:35,74
BRDA:35,0,0,1
BRDA:35,0,1,73
DA:37,73
DA:37,73
DA:37,73
DA:39,73
DA:39,73
DA:41,73
DA:41,73
DA:43,73
DA:43,73
FN:46,LiquidityPool.previewRedeem
FNDA:10,LiquidityPool.previewRedeem
DA:47,14
DA:47,14
DA:47,14
BRDA:47,1,0,1
BRDA:47,1,1,13
DA:48,1
DA:48,1
DA:50,13
DA:50,13
DA:50,13
DA:50,13
FN:53,LiquidityPool.requestPayout
FNDA:19,LiquidityPool.requestPayout
DA:54,19
DA:54,19
FN:57,LiquidityPool.previewDeposit
FNDA:0,LiquidityPool.previewDeposit
DA:58,73
DA:58,73
DA:58,73
DA:59,73
DA:59,73
DA:59,73
FN:64,LiquidityPool.redeem
FNDA:7,LiquidityPool.redeem
DA:65,7
DA:65,7
BRDA:65,2,0,2
BRDA:65,2,1,5
DA:66,5
DA:66,5
BRDA:66,3,0,1
BRDA:66,3,1,4
DA:68,4
DA:68,4
DA:68,4
DA:70,4
DA:70,4
DA:72,4
DA:72,4
DA:74,4
DA:74,4
FN:77,LiquidityPool.setMaxBorrowRate
FNDA:22,LiquidityPool.setMaxBorrowRate
DA:78,22
DA:78,22
DA:80,22
DA:80,22
FN:83,LiquidityPool.setMinBorrowRate
FNDA:20,LiquidityPool.setMinBorrowRate
DA:84,20
DA:84,20
DA:86,20
DA:86,20
FN:89,LiquidityPool.totalAssets
FNDA:0,LiquidityPool.totalAssets
DA:90,291
DA:90,291
DA:90,291
FN:96,LiquidityPool.ratio
FNDA:2,LiquidityPool.ratio
DA:97,2
DA:97,2
DA:97,2
BRDA:97,4,0,1
BRDA:97,4,1,1
DA:98,1
DA:98,1
DA:100,1
DA:100,1
DA:100,1
DA:100,1
DA:100,1
DA:100,1
FN:103,LiquidityPool.getBorrowRate
FNDA:272,LiquidityPool.getBorrowRate
DA:104,272
DA:104,272
DA:104,272
DA:106,272
DA:106,272
BRDA:106,5,0,3
BRDA:106,5,1,269
DA:107,3
DA:107,3
DA:110,269
DA:110,269
DA:110,269
DA:110,269
DA:110,269
FNF:10
FNH:8
LF:29
LH:29
BRF:12
BRH:12
end_of_record
TN:
SF:src/TradePair.sol
FN:90,TradePair.openPosition
FNDA:99,TradePair.openPosition
DA:95,99
DA:95,99
BRDA:95,0,0,1
BRDA:95,0,1,98
DA:96,98
DA:96,98
BRDA:96,1,0,1
BRDA:96,1,1,97
DA:97,97
DA:97,97
BRDA:97,2,0,3
BRDA:97,2,1,94
DA:99,94
DA:99,94
DA:100,94
DA:100,94
DA:100,94
DA:101,94
DA:101,94
DA:101,94
DA:102,94
DA:102,94
DA:102,94
DA:103,94
DA:103,94
DA:103,94
DA:103,94
DA:103,94
DA:103,94
DA:103,94
DA:104,94
DA:104,94
DA:104,94
DA:106,94
DA:106,94
DA:110,94
DA:110,94
DA:111,94
DA:111,94
DA:112,94
DA:112,94
DA:114,94
DA:114,94
DA:115,94
DA:115,94
DA:117,94
DA:117,94
DA:119,94
DA:119,94
FN:132,TradePair.closePosition
FNDA:35,TradePair.closePosition
DA:137,35
DA:137,35
DA:138,35
DA:138,35
DA:139,35
DA:139,35
BRDA:139,3,0,1
BRDA:139,3,1,34
DA:140,34
DA:140,34
DA:140,34
DA:141,34
DA:141,34
DA:141,34
DA:142,34
DA:142,34
BRDA:142,4,0,1
BRDA:142,4,1,33
DA:143,33
DA:143,33
DA:143,33
DA:143,33
DA:143,33
DA:143,33
DA:143,0
DA:144,33
DA:144,33
DA:144,33
DA:146,33
DA:146,33
DA:147,33
DA:147,33
DA:148,33
DA:148,33
DA:150,33
DA:150,33
BRDA:150,5,0,-
BRDA:150,5,1,10
DA:153,13
DA:153,13
DA:153,13
DA:154,13
DA:154,13
BRDA:154,6,0,-
BRDA:154,6,1,10
DA:155,10
DA:155,10
DA:159,20
DA:159,20
DA:162,33
DA:162,33
DA:164,33
DA:164,33
DA:165,33
DA:165,33
DA:168,33
DA:168,33
DA:170,33
DA:170,33
FN:173,TradePair.liquidatePosition
FNDA:8,TradePair.liquidatePosition
DA:178,8
DA:178,8
DA:179,8
DA:179,8
DA:180,8
DA:180,8
BRDA:180,7,0,1
BRDA:180,7,1,7
DA:181,7
DA:181,7
DA:181,7
DA:183,7
DA:183,7
BRDA:183,8,0,1
BRDA:183,8,1,6
DA:185,6
DA:185,6
DA:186,6
DA:186,6
DA:187,6
DA:187,6
DA:189,6
DA:189,6
DA:190,6
DA:190,6
DA:192,6
DA:192,6
DA:193,6
DA:193,6
DA:195,6
DA:195,6
FN:198,TradePair.syncUnrealizedPnL
FNDA:9,TradePair.syncUnrealizedPnL
DA:199,9
DA:199,9
FN:202,TradePair._syncUnrealizedPnL
FNDA:142,TradePair._syncUnrealizedPnL
DA:203,142
DA:203,142
DA:203,142
DA:204,142
DA:204,142
DA:204,142
DA:207,142
DA:207,142
DA:207,142
DA:208,142
DA:208,142
BRDA:208,9,0,9
BRDA:208,9,1,142
DA:209,9
DA:209,9
DA:212,142
DA:212,142
DA:212,142
DA:214,142
DA:214,142
BRDA:214,10,0,-
BRDA:214,10,1,9
DA:215,9
DA:215,9
DA:217,133
DA:217,133
FN:221,TradePair.getPositionDetails
FNDA:7,TradePair.getPositionDetails
DA:222,7
DA:222,7
DA:223,7
DA:223,7
BRDA:223,11,0,1
BRDA:223,11,1,6
DA:225,6
DA:225,6
DA:225,6
FN:239,TradePair.totalCollateral
FNDA:3,TradePair.totalCollateral
DA:240,145
DA:240,145
DA:240,145
FN:243,TradePair.getUnrealizedPnL
FNDA:15,TradePair.getUnrealizedPnL
DA:249,15
DA:249,15
DA:249,15
FN:252,TradePair._getUnrealizedPnL
FNDA:157,TradePair._getUnrealizedPnL
DA:253,157
DA:253,157
DA:253,157
DA:255,157
DA:255,157
DA:256,157
DA:256,157
DA:256,157
DA:256,157
DA:256,157
DA:257,157
DA:257,157
DA:258,157
DA:258,157
DA:258,157
DA:258,157
DA:258,157
DA:260,157
DA:260,157
DA:260,157
DA:260,157
DA:260,157
FN:263,TradePair.setMaxFundingRate
FNDA:21,TradePair.setMaxFundingRate
DA:264,21
DA:264,21
DA:266,21
DA:266,21
FN:269,TradePair.setMaxSkew
FNDA:3,TradePair.setMaxSkew
DA:270,3
DA:270,3
DA:272,3
DA:272,3
FN:275,TradePair.setOpenFee
FNDA:7,TradePair.setOpenFee
DA:276,7
DA:276,7
DA:278,7
DA:278,7
FN:281,TradePair.setCloseFee
FNDA:7,TradePair.setCloseFee
DA:282,7
DA:282,7
DA:284,7
DA:284,7
FN:287,TradePair.setMaxPriceAge
FNDA:1,TradePair.setMaxPriceAge
DA:288,1
DA:288,1
DA:290,1
DA:290,1
FN:293,TradePair._updateCollateral
FNDA:133,TradePair._updateCollateral
DA:294,133
DA:294,133
BRDA:294,12,0,102
BRDA:294,12,1,31
DA:295,102
DA:295,102
DA:296,31
DA:296,31
BRDA:296,13,0,31
BRDA:296,13,1,31
DA:297,31
DA:297,31
FN:301,TradePair._updateOpenInterest
FNDA:133,TradePair._updateOpenInterest
DA:302,133
DA:302,133
BRDA:302,14,0,102
BRDA:302,14,1,31
DA:303,102
DA:303,102
DA:304,31
DA:304,31
BRDA:304,15,0,31
BRDA:304,15,1,31
DA:305,31
DA:305,31
FN:309,TradePair._updateTotalAssets
FNDA:133,TradePair._updateTotalAssets
DA:310,133
DA:310,133
BRDA:310,16,0,102
BRDA:310,16,1,31
DA:311,102
DA:311,102
DA:312,31
DA:312,31
BRDA:312,17,0,31
BRDA:312,17,1,31
DA:313,31
DA:313,31
FN:317,TradePair._deletePosition
FNDA:39,TradePair._deletePosition
DA:318,39
DA:318,39
FN:321,TradePair._getValue
FNDA:47,TradePair._getValue
DA:322,47
DA:322,47
DA:324,47
DA:324,47
DA:324,47
DA:324,47
DA:324,47
DA:324,47
DA:325,47
DA:325,47
DA:325,47
DA:326,47
DA:326,47
DA:326,47
DA:327,47
DA:327,47
DA:327,47
DA:328,47
DA:328,47
DA:328,47
DA:328,47
DA:328,47
DA:328,47
DA:331,47
DA:331,47
BRDA:331,18,0,5
BRDA:331,18,1,42
DA:332,5
DA:332,5
DA:334,42
DA:334,42
DA:334,42
FN:337,TradePair._getBorrowFeeAmount
FNDA:86,TradePair._getBorrowFeeAmount
DA:338,86
DA:338,86
DA:338,86
DA:338,86
DA:338,86
FN:341,TradePair._getFundingFeeAmount
FNDA:86,TradePair._getFundingFeeAmount
DA:342,86
DA:342,86
DA:342,86
DA:342,86
DA:342,86
DA:342,86
FN:349,TradePair._getPrice
FNDA:292,TradePair._getPrice
DA:350,292
DA:350,292
DA:350,292
DA:351,292
DA:351,292
BRDA:351,19,0,-
BRDA:351,19,1,292
DA:352,292
DA:352,292
BRDA:352,20,0,5
BRDA:352,20,1,287
DA:353,5
DA:353,5
DA:353,5
DA:353,5
DA:353,5
DA:353,5
DA:355,287
DA:355,287
DA:355,287
DA:355,287
DA:355,287
DA:355,287
FN:359,TradePair.totalOpenInterest
FNDA:4,TradePair.totalOpenInterest
DA:360,4
DA:360,4
DA:360,4
DA:360,4
DA:360,4
FN:363,TradePair.excessOpenInterest
FNDA:17,TradePair.excessOpenInterest
DA:364,273
DA:364,273
BRDA:364,21,0,123
BRDA:364,21,1,150
DA:365,123
DA:365,123
DA:365,123
DA:367,150
DA:367,150
DA:367,150
FN:371,TradePair.totalBorrowFeeIntegral
FNDA:4,TradePair.totalBorrowFeeIntegral
DA:372,96
DA:372,96
DA:372,96
DA:372,96
FN:375,TradePair.totalFundingFeeIntegral
FNDA:4,TradePair.totalFundingFeeIntegral
DA:376,96
DA:376,96
DA:376,96
DA:376,96
FN:379,TradePair.unrealizedBorrowFeeIntegral
FNDA:8,TradePair.unrealizedBorrowFeeIntegral
DA:380,241
DA:380,241
DA:380,241
DA:380,241
DA:380,241
DA:380,241
FN:383,TradePair.unrealizedFundingFeeIntegral
FNDA:8,TradePair.unrealizedFundingFeeIntegral
DA:384,241
DA:384,241
DA:384,241
DA:384,241
DA:384,241
DA:384,241
FN:387,TradePair.updateFeeIntegrals
FNDA:0,TradePair.updateFeeIntegrals
DA:388,137
DA:388,137
DA:389,137
DA:389,137
DA:390,137
DA:390,137
FN:394,TradePair.getFundingRate
FNDA:36,TradePair.getFundingRate
DA:395,277
DA:395,277
BRDA:395,22,0,109
BRDA:395,22,1,17
DA:396,126
DA:396,126
BRDA:396,23,0,109
BRDA:396,23,1,17
DA:397,109
DA:397,109
DA:399,17
DA:399,17
DA:399,17
DA:399,17
DA:399,17
DA:399,17
DA:400,17
DA:400,17
DA:400,17
DA:400,17
DA:402,151
DA:402,151
BRDA:402,24,0,18
BRDA:402,24,1,29
DA:403,47
DA:403,47
BRDA:403,25,0,18
BRDA:403,25,1,29
DA:404,18
DA:404,18
DA:404,18
DA:404,18
DA:406,29
DA:406,29
DA:406,29
DA:406,29
DA:406,29
DA:406,29
DA:407,29
DA:407,29
DA:407,29
DA:407,29
DA:407,29
DA:409,104
DA:409,104
FN:412,TradePair.getBorrowRate
FNDA:15,TradePair.getBorrowRate
DA:413,256
DA:413,256
DA:413,256
FNF:31
FNH:30
LF:134
LH:134
BRF:52
BRH:48
end_of_record
TN:
SF:src/auxiliary/PeppyUsdc.sol
FN:14,PeppyUsdc.mint
FNDA:2,PeppyUsdc.mint
DA:15,2
DA:15,2
BRDA:15,0,0,1
BRDA:15,0,1,1
DA:16,1
DA:16,1
DA:17,1
DA:17,1
FNF:1
FNH:1
LF:3
LH:3
BRF:2
BRH:2
end_of_record
